 [
   {
     "Plan": {
       "Node Type": "Aggregate",
       "Strategy": "Hashed",
       "Partial Mode": "Simple",
       "Parallel Aware": false,
       "Startup Cost": 39867.85,
       "Total Cost": 39872.82,
       "Plan Rows": 497,
       "Plan Width": 6,
       "Actual Startup Time": 1683.545,
       "Actual Total Time": 1683.589,
       "Actual Rows": 497,
       "Actual Loops": 1,
       "Output": ["penonton.namadepanpenonton"],
       "Group Key": ["penonton.namadepanpenonton"],
       "Shared Hit Blocks": 1774,
       "Shared Read Blocks": 0,
       "Shared Dirtied Blocks": 0,
       "Shared Written Blocks": 0,
       "Local Hit Blocks": 0,
       "Local Read Blocks": 0,
       "Local Dirtied Blocks": 0,
       "Local Written Blocks": 0,
       "Temp Read Blocks": 1242,
       "Temp Written Blocks": 1228,
       "Plans": [
         {
           "Node Type": "Hash Join",
           "Parent Relationship": "Outer",
           "Parallel Aware": false,
           "Join Type": "Inner",
           "Startup Cost": 13475.11,
           "Total Cost": 36502.10,
           "Plan Rows": 1346303,
           "Plan Width": 6,
           "Actual Startup Time": 291.711,
           "Actual Total Time": 1145.856,
           "Actual Rows": 2661592,
           "Actual Loops": 1,
           "Output": ["penonton.namadepanpenonton"],
           "Hash Cond": "(aktorfilm.filmid = penontonfilm.filmid)",
           "Shared Hit Blocks": 1774,
           "Shared Read Blocks": 0,
           "Shared Dirtied Blocks": 0,
           "Shared Written Blocks": 0,
           "Local Hit Blocks": 0,
           "Local Read Blocks": 0,
           "Local Dirtied Blocks": 0,
           "Local Written Blocks": 0,
           "Temp Read Blocks": 1242,
           "Temp Written Blocks": 1228,
           "Plans": [
             {
               "Node Type": "Seq Scan",
               "Parent Relationship": "Outer",
               "Parallel Aware": false,
               "Relation Name": "aktorfilm",
               "Schema": "public",
               "Alias": "aktorfilm",
               "Startup Cost": 42.83,
               "Total Cost": 1605.73,
               "Plan Rows": 46156,
               "Plan Width": 4,
               "Actual Startup Time": 0.717,
               "Actual Total Time": 14.326,
               "Actual Rows": 92312,
               "Actual Loops": 1,
               "Output": ["aktorfilm.filmid"],
               "Filter": "(NOT (hashed SubPlan 1))",
               "Rows Removed by Filter": 0,
               "Shared Hit Blocks": 426,
               "Shared Read Blocks": 0,
               "Shared Dirtied Blocks": 0,
               "Shared Written Blocks": 0,
               "Local Hit Blocks": 0,
               "Local Read Blocks": 0,
               "Local Dirtied Blocks": 0,
               "Local Written Blocks": 0,
               "Temp Read Blocks": 0,
               "Temp Written Blocks": 0,
               "Plans": [
                 {
                   "Node Type": "Seq Scan",
                   "Parent Relationship": "SubPlan",
                   "Subplan Name": "SubPlan 1",
                   "Parallel Aware": false,
                   "Relation Name": "aktor",
                   "Schema": "public",
                   "Alias": "aktor",
                   "Startup Cost": 0.00,
                   "Total Cost": 42.00,
                   "Plan Rows": 333,
                   "Plan Width": 4,
                   "Actual Startup Time": 0.677,
                   "Actual Total Time": 0.677,
                   "Actual Rows": 0,
                   "Actual Loops": 1,
                   "Output": ["aktor.aktorid"],
                   "Filter": "((date_part('year'::text, now()) - date_part('year'::text, (aktor.tanggallahiraktor)::timestamp without time zone)) < '30'::double precision)",
                   "Rows Removed by Filter": 1000,
                   "Shared Hit Blocks": 17,
                   "Shared Read Blocks": 0,
                   "Shared Dirtied Blocks": 0,
                   "Shared Written Blocks": 0,
                   "Local Hit Blocks": 0,
                   "Local Read Blocks": 0,
                   "Local Dirtied Blocks": 0,
                   "Local Written Blocks": 0,
                   "Temp Read Blocks": 0,
                   "Temp Written Blocks": 0
                 }
               ]
             },
             {
               "Node Type": "Hash",
               "Parent Relationship": "Inner",
               "Parallel Aware": false,
               "Startup Cost": 8420.39,
               "Total Cost": 8420.39,
               "Plan Rows": 288311,
               "Plan Width": 10,
               "Actual Startup Time": 254.474,
               "Actual Total Time": 254.474,
               "Actual Rows": 288311,
               "Actual Loops": 1,
               "Output": ["penonton.namadepanpenonton", "penontonfilm.filmid"],
               "Hash Buckets": 131072,
               "Original Hash Buckets": 131072,
               "Hash Batches": 8,
               "Original Hash Batches": 8,
               "Peak Memory Usage": 2609,
               "Shared Hit Blocks": 1348,
               "Shared Read Blocks": 0,
               "Shared Dirtied Blocks": 0,
               "Shared Written Blocks": 0,
               "Local Hit Blocks": 0,
               "Local Read Blocks": 0,
               "Local Dirtied Blocks": 0,
               "Local Written Blocks": 0,
               "Temp Read Blocks": 0,
               "Temp Written Blocks": 983,
               "Plans": [
                 {
                   "Node Type": "Hash Join",
                   "Parent Relationship": "Outer",
                   "Parallel Aware": false,
                   "Join Type": "Inner",
                   "Startup Cost": 297.00,
                   "Total Cost": 8420.39,
                   "Plan Rows": 288311,
                   "Plan Width": 10,
                   "Actual Startup Time": 3.131,
                   "Actual Total Time": 110.148,
                   "Actual Rows": 288311,
                   "Actual Loops": 1,
                   "Output": ["penonton.namadepanpenonton", "penontonfilm.filmid"],
                   "Hash Cond": "(penontonfilm.penontonid = penonton.penontonid)",
                   "Shared Hit Blocks": 1348,
                   "Shared Read Blocks": 0,
                   "Shared Dirtied Blocks": 0,
                   "Shared Written Blocks": 0,
                   "Local Hit Blocks": 0,
                   "Local Read Blocks": 0,
                   "Local Dirtied Blocks": 0,
                   "Local Written Blocks": 0,
                   "Temp Read Blocks": 0,
                   "Temp Written Blocks": 0,
                   "Plans": [
                     {
                       "Node Type": "Seq Scan",
                       "Parent Relationship": "Outer",
                       "Parallel Aware": false,
                       "Relation Name": "penontonfilm",
                       "Schema": "public",
                       "Alias": "penontonfilm",
                       "Startup Cost": 0.00,
                       "Total Cost": 4159.11,
                       "Plan Rows": 288311,
                       "Plan Width": 8,
                       "Actual Startup Time": 0.015,
                       "Actual Total Time": 21.789,
                       "Actual Rows": 288311,
                       "Actual Loops": 1,
                       "Output": ["penontonfilm.penontonid", "penontonfilm.filmid"],
                       "Shared Hit Blocks": 1276,
                       "Shared Read Blocks": 0,
                       "Shared Dirtied Blocks": 0,
                       "Shared Written Blocks": 0,
                       "Local Hit Blocks": 0,
                       "Local Read Blocks": 0,
                       "Local Dirtied Blocks": 0,
                       "Local Written Blocks": 0,
                       "Temp Read Blocks": 0,
                       "Temp Written Blocks": 0
                     },
                     {
                       "Node Type": "Hash",
                       "Parent Relationship": "Inner",
                       "Parallel Aware": false,
                       "Startup Cost": 172.00,
                       "Total Cost": 172.00,
                       "Plan Rows": 10000,
                       "Plan Width": 10,
                       "Actual Startup Time": 2.966,
                       "Actual Total Time": 2.966,
                       "Actual Rows": 10000,
                       "Actual Loops": 1,
                       "Output": ["penonton.namadepanpenonton", "penonton.penontonid"],
                       "Hash Buckets": 16384,
                       "Original Hash Buckets": 16384,
                       "Hash Batches": 1,
                       "Original Hash Batches": 1,
                       "Peak Memory Usage": 559,
                       "Shared Hit Blocks": 72,
                       "Shared Read Blocks": 0,
                       "Shared Dirtied Blocks": 0,
                       "Shared Written Blocks": 0,
                       "Local Hit Blocks": 0,
                       "Local Read Blocks": 0,
                       "Local Dirtied Blocks": 0,
                       "Local Written Blocks": 0,
                       "Temp Read Blocks": 0,
                       "Temp Written Blocks": 0,
                       "Plans": [
                         {
                           "Node Type": "Seq Scan",
                           "Parent Relationship": "Outer",
                           "Parallel Aware": false,
                           "Relation Name": "penonton",
                           "Schema": "public",
                           "Alias": "penonton",
                           "Startup Cost": 0.00,
                           "Total Cost": 172.00,
                           "Plan Rows": 10000,
                           "Plan Width": 10,
                           "Actual Startup Time": 0.010,
                           "Actual Total Time": 1.301,
                           "Actual Rows": 10000,
                           "Actual Loops": 1,
                           "Output": ["penonton.namadepanpenonton", "penonton.penontonid"],
                           "Shared Hit Blocks": 72,
                           "Shared Read Blocks": 0,
                           "Shared Dirtied Blocks": 0,
                           "Shared Written Blocks": 0,
                           "Local Hit Blocks": 0,
                           "Local Read Blocks": 0,
                           "Local Dirtied Blocks": 0,
                           "Local Written Blocks": 0,
                           "Temp Read Blocks": 0,
                           "Temp Written Blocks": 0
                         }
                       ]
                     }
                   ]
                 }
               ]
             }
           ]
         }
       ]
     },
     "Planning Time": 1.104,
     "Triggers": [
     ],
     "Execution Time": 1684.191
   }
 ]