[
  {
    "Plan": {
      "Node Type": "Aggregate",
      "Strategy": "Hashed",
      "Partial Mode": "Simple",
      "Parallel Aware": false,
      "Startup Cost": 27089.94,
      "Total Cost": 27094.91,
      "Plan Rows": 497,
      "Plan Width": 6,
      "Actual Startup Time": 2533.120,
      "Actual Total Time": 2533.211,
      "Actual Rows": 497,
      "Actual Loops": 1,
      "Output": ["penonton.namadepanpenonton"],
      "Group Key": ["penonton.namadepanpenonton"],
      "Shared Hit Blocks": 1777,
      "Shared Read Blocks": 0,
      "Shared Dirtied Blocks": 0,
      "Shared Written Blocks": 0,
      "Local Hit Blocks": 0,
      "Local Read Blocks": 0,
      "Local Dirtied Blocks": 0,
      "Local Written Blocks": 0,
      "Temp Read Blocks": 706,
      "Temp Written Blocks": 704,
      "Plans": [
        {
          "Node Type": "Hash Join",
          "Parent Relationship": "Outer",
          "Parallel Aware": false,
          "Join Type": "Inner",
          "Startup Cost": 2713.10,
          "Total Cost": 24848.34,
          "Plan Rows": 896638,
          "Plan Width": 6,
          "Actual Startup Time": 760.454,
          "Actual Total Time": 1962.039,
          "Actual Rows": 2661592,
          "Actual Loops": 1,
          "Output": ["penonton.namadepanpenonton"],
          "Hash Cond": "(penontonfilm.filmid = aktorfilm.filmid)",
          "Shared Hit Blocks": 1777,
          "Shared Read Blocks": 0,
          "Shared Dirtied Blocks": 0,
          "Shared Written Blocks": 0,
          "Local Hit Blocks": 0,
          "Local Read Blocks": 0,
          "Local Dirtied Blocks": 0,
          "Local Written Blocks": 0,
          "Temp Read Blocks": 706,
          "Temp Written Blocks": 704,
          "Plans": [
            {
              "Node Type": "Hash Join",
              "Parent Relationship": "Outer",
              "Parallel Aware": false,
              "Join Type": "Inner",
              "Startup Cost": 297.00,
              "Total Cost": 8420.39,
              "Plan Rows": 288311,
              "Plan Width": 10,
              "Actual Startup Time": 4.454,
              "Actual Total Time": 736.819,
              "Actual Rows": 288311,
              "Actual Loops": 1,
              "Output": ["penonton.namadepanpenonton", "penontonfilm.filmid"],
              "Hash Cond": "(penontonfilm.penontonid = penonton.penontonid)",
              "Shared Hit Blocks": 1351,
              "Shared Read Blocks": 0,
              "Shared Dirtied Blocks": 0,
              "Shared Written Blocks": 0,
              "Local Hit Blocks": 0,
              "Local Read Blocks": 0,
              "Local Dirtied Blocks": 0,
              "Local Written Blocks": 0,
              "Temp Read Blocks": 0,
              "Temp Written Blocks": 0,
              "Plans": [
                {
                  "Node Type": "Seq Scan",
                  "Parent Relationship": "Outer",
                  "Parallel Aware": false,
                  "Relation Name": "penontonfilm",
                  "Schema": "public",
                  "Alias": "penontonfilm",
                  "Startup Cost": 0.00,
                  "Total Cost": 4159.11,
                  "Plan Rows": 288311,
                  "Plan Width": 8,
                  "Actual Startup Time": 0.024,
                  "Actual Total Time": 612.911,
                  "Actual Rows": 288311,
                  "Actual Loops": 1,
                  "Output": ["penontonfilm.penontonid", "penontonfilm.filmid"],
                  "Shared Hit Blocks": 1276,
                  "Shared Read Blocks": 0,
                  "Shared Dirtied Blocks": 0,
                  "Shared Written Blocks": 0,
                  "Local Hit Blocks": 0,
                  "Local Read Blocks": 0,
                  "Local Dirtied Blocks": 0,
                  "Local Written Blocks": 0,
                  "Temp Read Blocks": 0,
                  "Temp Written Blocks": 0
                },
                {
                  "Node Type": "Hash",
                  "Parent Relationship": "Inner",
                  "Parallel Aware": false,
                  "Startup Cost": 172.00,
                  "Total Cost": 172.00,
                  "Plan Rows": 10000,
                  "Plan Width": 10,
                  "Actual Startup Time": 4.354,
                  "Actual Total Time": 4.354,
                  "Actual Rows": 10000,
                  "Actual Loops": 1,
                  "Output": ["penonton.namadepanpenonton", "penonton.penontonid"],
                  "Hash Buckets": 16384,
                  "Original Hash Buckets": 16384,
                  "Hash Batches": 1,
                  "Original Hash Batches": 1,
                  "Peak Memory Usage": 559,
                  "Shared Hit Blocks": 72,
                  "Shared Read Blocks": 0,
                  "Shared Dirtied Blocks": 0,
                  "Shared Written Blocks": 0,
                  "Local Hit Blocks": 0,
                  "Local Read Blocks": 0,
                  "Local Dirtied Blocks": 0,
                  "Local Written Blocks": 0,
                  "Temp Read Blocks": 0,
                  "Temp Written Blocks": 0,
                  "Plans": [
                    {
                      "Node Type": "Seq Scan",
                      "Parent Relationship": "Outer",
                      "Parallel Aware": false,
                      "Relation Name": "penonton",
                      "Schema": "public",
                      "Alias": "penonton",
                      "Startup Cost": 0.00,
                      "Total Cost": 172.00,
                      "Plan Rows": 10000,
                      "Plan Width": 10,
                      "Actual Startup Time": 0.012,
                      "Actual Total Time": 2.719,
                      "Actual Rows": 10000,
                      "Actual Loops": 1,
                      "Output": ["penonton.namadepanpenonton", "penonton.penontonid"],
                      "Shared Hit Blocks": 72,
                      "Shared Read Blocks": 0,
                      "Shared Dirtied Blocks": 0,
                      "Shared Written Blocks": 0,
                      "Local Hit Blocks": 0,
                      "Local Read Blocks": 0,
                      "Local Dirtied Blocks": 0,
                      "Local Written Blocks": 0,
                      "Temp Read Blocks": 0,
                      "Temp Written Blocks": 0
                    }
                  ]
                }
              ]
            },
            {
              "Node Type": "Hash",
              "Parent Relationship": "Inner",
              "Parallel Aware": false,
              "Startup Cost": 2031.85,
              "Total Cost": 2031.85,
              "Plan Rows": 30740,
              "Plan Width": 4,
              "Actual Startup Time": 755.229,
              "Actual Total Time": 755.229,
              "Actual Rows": 92312,
              "Actual Loops": 1,
              "Output": ["aktorfilm.filmid"],
              "Hash Buckets": 131072,
              "Original Hash Buckets": 32768,
              "Hash Batches": 2,
              "Original Hash Batches": 1,
              "Peak Memory Usage": 3073,
              "Shared Hit Blocks": 426,
              "Shared Read Blocks": 0,
              "Shared Dirtied Blocks": 0,
              "Shared Written Blocks": 0,
              "Local Hit Blocks": 0,
              "Local Read Blocks": 0,
              "Local Dirtied Blocks": 0,
              "Local Written Blocks": 0,
              "Temp Read Blocks": 0,
              "Temp Written Blocks": 134,
              "Plans": [
                {
                  "Node Type": "Hash Join",
                  "Parent Relationship": "Outer",
                  "Parallel Aware": false,
                  "Join Type": "Inner",
                  "Startup Cost": 46.16,
                  "Total Cost": 2031.85,
                  "Plan Rows": 30740,
                  "Plan Width": 4,
                  "Actual Startup Time": 0.919,
                  "Actual Total Time": 733.721,
                  "Actual Rows": 92312,
                  "Actual Loops": 1,
                  "Output": ["aktorfilm.filmid"],
                  "Hash Cond": "(aktorfilm.aktorid = aktor.aktorid)",
                  "Shared Hit Blocks": 426,
                  "Shared Read Blocks": 0,
                  "Shared Dirtied Blocks": 0,
                  "Shared Written Blocks": 0,
                  "Local Hit Blocks": 0,
                  "Local Read Blocks": 0,
                  "Local Dirtied Blocks": 0,
                  "Local Written Blocks": 0,
                  "Temp Read Blocks": 0,
                  "Temp Written Blocks": 0,
                  "Plans": [
                    {
                      "Node Type": "Seq Scan",
                      "Parent Relationship": "Outer",
                      "Parallel Aware": false,
                      "Relation Name": "aktorfilm",
                      "Schema": "public",
                      "Alias": "aktorfilm",
                      "Startup Cost": 0.00,
                      "Total Cost": 1332.12,
                      "Plan Rows": 92312,
                      "Plan Width": 8,
                      "Actual Startup Time": 0.020,
                      "Actual Total Time": 707.323,
                      "Actual Rows": 92312,
                      "Actual Loops": 1,
                      "Output": ["aktorfilm.filmid", "aktorfilm.aktorid"],
                      "Shared Hit Blocks": 409,
                      "Shared Read Blocks": 0,
                      "Shared Dirtied Blocks": 0,
                      "Shared Written Blocks": 0,
                      "Local Hit Blocks": 0,
                      "Local Read Blocks": 0,
                      "Local Dirtied Blocks": 0,
                      "Local Written Blocks": 0,
                      "Temp Read Blocks": 0,
                      "Temp Written Blocks": 0
                    },
                    {
                      "Node Type": "Hash",
                      "Parent Relationship": "Inner",
                      "Parallel Aware": false,
                      "Startup Cost": 42.00,
                      "Total Cost": 42.00,
                      "Plan Rows": 333,
                      "Plan Width": 4,
                      "Actual Startup Time": 0.891,
                      "Actual Total Time": 0.891,
                      "Actual Rows": 1000,
                      "Actual Loops": 1,
                      "Output": ["aktor.aktorid"],
                      "Hash Buckets": 1024,
                      "Original Hash Buckets": 1024,
                      "Hash Batches": 1,
                      "Original Hash Batches": 1,
                      "Peak Memory Usage": 44,
                      "Shared Hit Blocks": 17,
                      "Shared Read Blocks": 0,
                      "Shared Dirtied Blocks": 0,
                      "Shared Written Blocks": 0,
                      "Local Hit Blocks": 0,
                      "Local Read Blocks": 0,
                      "Local Dirtied Blocks": 0,
                      "Local Written Blocks": 0,
                      "Temp Read Blocks": 0,
                      "Temp Written Blocks": 0,
                      "Plans": [
                        {
                          "Node Type": "Seq Scan",
                          "Parent Relationship": "Outer",
                          "Parallel Aware": false,
                          "Relation Name": "aktor",
                          "Schema": "public",
                          "Alias": "aktor",
                          "Startup Cost": 0.00,
                          "Total Cost": 42.00,
                          "Plan Rows": 333,
                          "Plan Width": 4,
                          "Actual Startup Time": 0.062,
                          "Actual Total Time": 0.755,
                          "Actual Rows": 1000,
                          "Actual Loops": 1,
                          "Output": ["aktor.aktorid"],
                          "Filter": "((date_part('year'::text, now()) - date_part('year'::text, (aktor.tanggallahiraktor)::timestamp without time zone)) > '30'::double precision)",
                          "Rows Removed by Filter": 0,
                          "Shared Hit Blocks": 17,
                          "Shared Read Blocks": 0,
                          "Shared Dirtied Blocks": 0,
                          "Shared Written Blocks": 0,
                          "Local Hit Blocks": 0,
                          "Local Read Blocks": 0,
                          "Local Dirtied Blocks": 0,
                          "Local Written Blocks": 0,
                          "Temp Read Blocks": 0,
                          "Temp Written Blocks": 0
                        }
                      ]
                    }
                  ]
                }
              ]
            }
          ]
        }
      ]
    },
    "Planning Time": 2049.216,
    "Triggers": [
    ],
    "Execution Time": 2533.781
  }
]