 [

   {

     "Plan": {

       "Node Type": "Aggregate",

       "Strategy": "Hashed",

       "Partial Mode": "Simple",

       "Parallel Aware": false,

       "Startup Cost": 1503735.46,

       "Total Cost": 1503740.43,

       "Plan Rows": 497,

       "Plan Width": 6,

       "Actual Startup Time": 37518.327,

       "Actual Total Time": 37518.366,

       "Actual Rows": 497,

       "Actual Loops": 1,

       "Output": ["penonton.namadepanpenonton"],

       "Group Key": ["penonton.namadepanpenonton"],

       "Shared Hit Blocks": 3554044,

       "Shared Read Blocks": 0,

       "Shared Dirtied Blocks": 0,

       "Shared Written Blocks": 0,

       "Local Hit Blocks": 0,

       "Local Read Blocks": 0,

       "Local Dirtied Blocks": 0,

       "Local Written Blocks": 0,

       "Temp Read Blocks": 0,

       "Temp Written Blocks": 0,

       "Plans": [

         {

           "Node Type": "Nested Loop",

           "Parent Relationship": "Outer",

           "Parallel Aware": false,

           "Join Type": "Inner",

           "Startup Cost": 21.07,

           "Total Cost": 1255259.29,

           "Plan Rows": 99390468,

           "Plan Width": 6,

           "Actual Startup Time": 0.630,

           "Actual Total Time": 16529.854,

           "Actual Rows": 99910000,

           "Actual Loops": 1,

           "Output": ["penonton.namadepanpenonton"],

           "Shared Hit Blocks": 3554044,

           "Shared Read Blocks": 0,

           "Shared Dirtied Blocks": 0,

           "Shared Written Blocks": 0,

           "Local Hit Blocks": 0,

           "Local Read Blocks": 0,

           "Local Dirtied Blocks": 0,

           "Local Written Blocks": 0,

           "Temp Read Blocks": 0,

           "Temp Written Blocks": 0,

           "Plans": [

             {

               "Node Type": "Seq Scan",

               "Parent Relationship": "Outer",

               "Parallel Aware": false,

               "Relation Name": "film",

               "Schema": "public",

               "Alias": "film",

               "Startup Cost": 0.00,

               "Total Cost": 213.91,

               "Plan Rows": 9991,

               "Plan Width": 0,

               "Actual Startup Time": 0.019,

               "Actual Total Time": 10.568,

               "Actual Rows": 9991,

               "Actual Loops": 1,

               "Output": ["film.filmid", "film.sutradaraid", "film.judul", "film.tanggalrilis", "film.rating", "film.lamafilm"],

               "Shared Hit Blocks": 114,

               "Shared Read Blocks": 0,

               "Shared Dirtied Blocks": 0,

               "Shared Written Blocks": 0,

               "Local Hit Blocks": 0,

               "Local Read Blocks": 0,

               "Local Dirtied Blocks": 0,

               "Local Written Blocks": 0,

               "Temp Read Blocks": 0,

               "Temp Written Blocks": 0

             },

             {

               "Node Type": "Materialize",

               "Parent Relationship": "Inner",

               "Parallel Aware": false,

               "Startup Cost": 21.07,

               "Total Cost": 12689.40,

               "Plan Rows": 9948,

               "Plan Width": 6,

               "Actual Startup Time": 0.000,

               "Actual Total Time": 0.707,

               "Actual Rows": 10000,

               "Actual Loops": 9991,

               "Output": ["penonton.namadepanpenonton"],

               "Shared Hit Blocks": 3553930,

               "Shared Read Blocks": 0,

               "Shared Dirtied Blocks": 0,

               "Shared Written Blocks": 0,

               "Local Hit Blocks": 0,

               "Local Read Blocks": 0,

               "Local Dirtied Blocks": 0,

               "Local Written Blocks": 0,

               "Temp Read Blocks": 0,

               "Temp Written Blocks": 0,

               "Plans": [

                 {

                   "Node Type": "Nested Loop",

                   "Parent Relationship": "Outer",

                   "Parallel Aware": false,

                   "Join Type": "Semi",

                   "Startup Cost": 21.07,

                   "Total Cost": 12639.66,

                   "Plan Rows": 9948,

                   "Plan Width": 6,

                   "Actual Startup Time": 0.606,

                   "Actual Total Time": 3153.529,

                   "Actual Rows": 10000,

                   "Actual Loops": 1,

                   "Output": ["penonton.namadepanpenonton"],

                   "Shared Hit Blocks": 3553930,

                   "Shared Read Blocks": 0,

                   "Shared Dirtied Blocks": 0,

                   "Shared Written Blocks": 0,

                   "Local Hit Blocks": 0,

                   "Local Read Blocks": 0,

                   "Local Dirtied Blocks": 0,

                   "Local Written Blocks": 0,

                   "Temp Read Blocks": 0,

                   "Temp Written Blocks": 0,

                   "Plans": [

                     {

                       "Node Type": "Seq Scan",

                       "Parent Relationship": "Outer",

                       "Parallel Aware": false,

                       "Relation Name": "penonton",

                       "Schema": "public",

                       "Alias": "penonton",

                       "Startup Cost": 0.00,

                       "Total Cost": 172.00,

                       "Plan Rows": 10000,

                       "Plan Width": 10,

                       "Actual Startup Time": 0.010,

                       "Actual Total Time": 1.208,

                       "Actual Rows": 10000,

                       "Actual Loops": 1,
"Output": ["penonton.penontonid", "penonton.namadepanpenonton", "penonton.namabelakangpenonton", "penonton.asalnegarapenonton"],

 "Shared Hit Blocks": 72,

 "Shared Read Blocks": 0,

 "Shared Dirtied Blocks": 0,

 "Shared Written Blocks": 0,

 "Local Hit Blocks": 0,

 "Local Read Blocks": 0,

 "Local Dirtied Blocks": 0,

 "Local Written Blocks": 0,

 "Temp Read Blocks": 0,

 "Temp Written Blocks": 0

,



 "Node Type": "Hash Join",

 "Parent Relationship": "Inner",

 "Parallel Aware": false,

 "Join Type": "Inner",

 "Startup Cost": 21.07,

 "Total Cost": 66.05,

 "Plan Rows": 90,

 "Plan Width": 4,

 "Actual Startup Time": 0.309,

 "Actual Total Time": 0.309,

 "Actual Rows": 1,

 "Actual Loops": 10000,

 "Output": ["penontonfilm.penontonid"],

 "Hash Cond": "(aktor.aktorid = aktorfilm.aktorid)",

 "Shared Hit Blocks": 3553858,

 "Shared Read Blocks": 0,

 "Shared Dirtied Blocks": 0,

 "Shared Written Blocks": 0,

 "Local Hit Blocks": 0,

 "Local Read Blocks": 0,

 "Local Dirtied Blocks": 0,

 "Local Written Blocks": 0,

 "Temp Read Blocks": 0,

 "Temp Written Blocks": 0,

 "Plans": [

   {

     "Node Type": "Seq Scan",

     "Parent Relationship": "Outer",

     "Parallel Aware": false,

     "Relation Name": "aktor",

     "Schema": "public",

     "Alias": "aktor",

     "Startup Cost": 0.00,

     "Total Cost": 42.00,

     "Plan Rows": 333,

     "Plan Width": 4,

     "Actual Startup Time": 0.003,

     "Actual Total Time": 0.005,

     "Actual Rows": 4,

     "Actual Loops": 10000,
                           "Output": ["aktor.aktorid", "aktor.namadepanaktor", "aktor.namabelakangaktor", "aktor.asalnegaraaktor", "aktor.tanggallahiraktor", "aktor.emailaktor", "aktor.notelpa
ktor", "aktor.jeniskelaminaktor", "aktor.golongandarahaktor", "aktor.beratbadanaktor", "aktor.tinggibadanaktor", "aktor.alamataktor"],
                           "Filter": "((date_part('year'::text, now()) - date_part('year'::text, (aktor.tanggallahiraktor)::timestamp without time zone)) > '30'::double precision)",
                           "Rows Removed by Filter": 0,

                           "Shared Hit Blocks": 10000,

                           "Shared Read Blocks": 0,

                           "Shared Dirtied Blocks": 0,

                           "Shared Written Blocks": 0,

                           "Local Hit Blocks": 0,

                           "Local Read Blocks": 0,

                           "Local Dirtied Blocks": 0,

                           "Local Written Blocks": 0,

                           "Temp Read Blocks": 0,

                           "Temp Written Blocks": 0

                         },

                         {

                           "Node Type": "Hash",

                           "Parent Relationship": "Inner",

                           "Parallel Aware": false,

                           "Startup Cost": 17.68,

                           "Total Cost": 17.68,

                           "Plan Rows": 271,

                           "Plan Width": 8,

                           "Actual Startup Time": 0.300,

                           "Actual Total Time": 0.300,

                           "Actual Rows": 266,

                           "Actual Loops": 10000,

                           "Output": ["penontonfilm.penontonid", "aktorfilm.aktorid"],

                           "Hash Buckets": 1024,

                           "Original Hash Buckets": 1024,

                           "Hash Batches": 1,

                           "Original Hash Batches": 1,

                           "Peak Memory Usage": 20,

                           "Shared Hit Blocks": 3543858,

                           "Shared Read Blocks": 0,

                           "Shared Dirtied Blocks": 0,

                           "Shared Written Blocks": 0,

                           "Local Hit Blocks": 0,

                           "Local Read Blocks": 0,

                           "Local Dirtied Blocks": 0,

                           "Local Written Blocks": 0,

                           "Temp Read Blocks": 0,

                           "Temp Written Blocks": 0,

                           "Plans": [

                             {

                               "Node Type": "Nested Loop",

                               "Parent Relationship": "Outer",

                               "Parallel Aware": false,

                               "Join Type": "Inner",

                               "Startup Cost": 0.71,

                               "Total Cost": 17.68,

                               "Plan Rows": 271,

                               "Plan Width": 8,

                               "Actual Startup Time": 0.007,

                               "Actual Total Time": 0.259,

                               "Actual Rows": 266,

                               "Actual Loops": 10000,

                               "Output": ["penontonfilm.penontonid", "aktorfilm.aktorid"],

                               "Shared Hit Blocks": 3543858,

                               "Shared Read Blocks": 0,

                               "Shared Dirtied Blocks": 0,

                               "Shared Written Blocks": 0,

                               "Local Hit Blocks": 0,

                               "Local Read Blocks": 0,

                               "Local Dirtied Blocks": 0,

                               "Local Written Blocks": 0,

                               "Temp Read Blocks": 0,

                               "Temp Written Blocks": 0,

                               "Plans": [

                                 {

                                   "Node Type": "Index Scan",

                                   "Parent Relationship": "Outer",

                                   "Parallel Aware": false,

                                   "Scan Direction": "Forward",

                                   "Index Name": "penontonfilm_penontonid_idx",

                                   "Relation Name": "penontonfilm",

                                   "Schema": "public",

                                   "Alias": "penontonfilm",

                                   "Startup Cost": 0.42,

                                   "Total Cost": 1.76,

                                   "Plan Rows": 29,

                                   "Plan Width": 8,

                                   "Actual Startup Time": 0.004,

                                   "Actual Total Time": 0.024,

                                   "Actual Rows": 29,

                                   "Actual Loops": 10000,

                                   "Output": ["penontonfilm.penontonid", "penontonfilm.filmid"],

                                   "Index Cond": "(penontonfilm.penontonid = penonton.penontonid)",

                                   "Rows Removed by Index Recheck": 0,

                                   "Shared Hit Blocks": 316247,

                                   "Shared Read Blocks": 0,

                                   "Shared Dirtied Blocks": 0,

                                   "Shared Written Blocks": 0,

                                   "Local Hit Blocks": 0,

                                   "Local Read Blocks": 0,

                                   "Local Dirtied Blocks": 0,

                                   "Local Written Blocks": 0,

                                   "Temp Read Blocks": 0,

                                   "Temp Written Blocks": 0

                                 },

                                 {

                                   "Node Type": "Index Scan",

                                   "Parent Relationship": "Inner",

                                   "Parallel Aware": false,

                                   "Scan Direction": "Forward",

                                   "Index Name": "aktorfilm_filmid_idx",

                                   "Relation Name": "aktorfilm",

                                   "Schema": "public",

                                   "Alias": "aktorfilm",

                                   "Startup Cost": 0.29,

                                   "Total Cost": 0.46,

                                   "Plan Rows": 9,

                                   "Plan Width": 8,

                                   "Actual Startup Time": 0.002,

                                   "Actual Total Time": 0.007,

                                   "Actual Rows": 9,

                                   "Actual Loops": 288311,

                                   "Output": ["aktorfilm.filmid", "aktorfilm.aktorid"],

                                   "Index Cond": "(aktorfilm.filmid = penontonfilm.filmid)",

                                   "Rows Removed by Index Recheck": 0,

                                   "Shared Hit Blocks": 3227611,

                                   "Shared Read Blocks": 0,

                                   "Shared Dirtied Blocks": 0,

                                   "Shared Written Blocks": 0,

                                   "Local Hit Blocks": 0,

                                   "Local Read Blocks": 0,

                                   "Local Dirtied Blocks": 0,

                                   "Local Written Blocks": 0,

                                   "Temp Read Blocks": 0,

                                   "Temp Written Blocks": 0

                                 }

                               ]

                             }

                           ]

                         }

                       ]

                     }

                   ]

                 }

               ]

             }

           ]

         }

       ]

     },

     "Planning Time": 1.087,

     "Triggers": [

     ],

     "Execution Time": 37519.070

   }

 ]
